e and f are:
124 118
Council 1
Project: 
6 8 10 35 36 41 
Teacher: 
8 10 42 58 71 80 

Council 2
Project: 
2 3 25 42 46 49 
Teacher: 
27 32 55 61 65 75 

Council 3
Project: 
1 4 19 33 34 40 
Teacher: 
48 68 77 82 85 91 

Council 4
Project: 
5 12 30 31 32 37 
Teacher: 
9 18 29 36 49 72 73 

Council 5
Project: 
50 51 52 53 54 55 56 57 58 59 61 62 63 64 68 69 70 71 72 73 74 76 77 78 79 80 81 82 83 84 86 87 88 89 91 92 94 95 96 97 99 
Teacher: 
74 76 79 84 87 89 93 94 95 96 98 99 

Council 6
Project: 
0 9 13 21 43 44 48 66 98 
Teacher: 
45 52 53 63 78 90 

Council 7
Project: 
7 26 27 28 29 
Teacher: 
3 11 12 13 23 28 30 31 33 34 37 

Council 8
Project: 
14 15 16 17 47 60 
Teacher: 
0 1 7 16 35 43 46 51 59 60 64 81 86 

Council 9
Project: 
11 18 75 90 93 
Teacher: 
4 6 20 22 24 39 47 50 62 66 70 92 

Council 10
Project: 
20 22 23 45 65 
Teacher: 
2 14 17 19 25 26 38 56 57 69 83 88 

Council 11
Project: 
24 38 39 67 85 
Teacher: 
5 15 21 40 41 44 54 67 97 


Answer is: 563454
Solve in 1.5235910415649414s
