e and f are:
75 82
Council 1
Project: 
7 8 14 22 56 57 62 
Teacher: 
1 2 6 20 30 33 38 43 51 59 65 96 

Council 2
Project: 
2 3 15 18 25 26 36 50 61 63 87 88 
Teacher: 
8 12 25 29 48 66 

Council 3
Project: 
1 69 72 73 79 83 
Teacher: 
0 4 10 15 16 17 32 49 56 60 62 75 82 87 98 

Council 4
Project: 
13 21 30 31 33 39 42 43 46 51 52 53 54 58 59 67 68 74 80 86 93 94 
Teacher: 
31 34 35 36 37 41 46 47 53 55 57 74 

Council 5
Project: 
0 4 16 17 19 29 55 
Teacher: 
3 7 14 18 21 26 28 58 64 69 71 72 91 93 97 

Council 6
Project: 
5 12 20 24 40 65 
Teacher: 
5 11 13 19 27 40 52 54 61 63 78 86 88 90 94 

Council 7
Project: 
11 23 32 34 35 37 38 41 44 45 47 48 49 60 64 66 70 71 75 76 78 81 82 84 85 89 90 91 92 95 96 97 98 99 
Teacher: 
76 77 79 80 81 84 85 89 92 

Council 8
Project: 
6 9 10 27 28 77 
Teacher: 
9 22 23 24 39 42 44 45 50 67 68 70 73 83 95 99 


Answer is: 375887
Solve in 2.601505756378174s
