Council 1:
10 project: 
236 116 331 970 939 814 577 297 983 386 
3 teacher: 
1 173 97 

Council 2:
13 project: 
311 956 543 639 48 763 510 153 551 186 11 336 374 
3 teacher: 
2 128 159 

Council 3:
10 project: 
91 597 710 365 460 868 464 443 526 943 
2 teacher: 
3 170 

Council 4:
10 project: 
168 790 102 534 288 833 664 248 456 761 
2 teacher: 
4 67 

Council 5:
10 project: 
732 398 870 477 5 499 8 176 714 869 
3 teacher: 
5 115 195 

Council 6:
10 project: 
72 960 762 570 649 82 990 559 836 902 
3 teacher: 
6 162 161 

Council 7:
10 project: 
896 1 997 728 424 538 446 851 753 505 
6 teacher: 
7 185 98 123 145 155 

Council 8:
10 project: 
518 356 965 361 180 194 177 335 35 944 
3 teacher: 
8 166 191 

Council 9:
10 project: 
100 838 218 671 689 243 271 178 660 235 
2 teacher: 
9 132 

Council 10:
10 project: 
638 623 722 531 382 545 582 682 901 264 
2 teacher: 
10 151 

Council 11:
10 project: 
723 79 106 199 447 500 776 715 882 964 
2 teacher: 
11 150 

Council 12:
10 project: 
368 147 630 17 699 921 62 886 332 937 
3 teacher: 
12 17 90 

Council 13:
10 project: 
1000 986 184 269 55 755 594 249 854 622 
4 teacher: 
13 107 88 135 

Council 14:
15 project: 
654 893 950 310 899 523 971 482 781 855 20 27 30 628 995 
4 teacher: 
14 56 126 171 

Council 15:
10 project: 
874 498 122 367 56 412 410 128 281 338 
2 teacher: 
15 46 

Council 16:
10 project: 
848 3 595 750 148 325 287 68 801 327 
4 teacher: 
16 83 94 134 

Council 17:
10 project: 
644 53 259 405 49 219 787 513 653 283 
3 teacher: 
18 64 133 

Council 18:
10 project: 
727 109 163 172 38 61 733 736 760 228 
3 teacher: 
19 149 148 

Council 19:
10 project: 
625 751 933 946 81 581 904 189 663 282 
5 teacher: 
20 84 99 122 139 

Council 20:
10 project: 
409 798 138 286 237 583 94 525 397 208 
3 teacher: 
21 124 152 

Council 21:
10 project: 
584 452 920 544 903 207 560 50 509 33 
4 teacher: 
22 141 103 190 

Council 22:
10 project: 
648 739 457 788 220 524 837 687 864 428 
2 teacher: 
23 100 

Council 23:
10 project: 
612 92 826 476 144 468 907 136 535 51 
3 teacher: 
24 79 109 

Council 24:
10 project: 
951 832 696 579 54 261 824 765 642 196 
2 teacher: 
25 116 

Council 25:
10 project: 
871 83 485 214 866 734 126 285 31 350 
4 teacher: 
26 168 119 137 

Council 26:
10 project: 
488 641 741 606 45 179 706 39 492 704 
3 teacher: 
27 58 196 

Council 27:
61 project: 
935 316 745 95 280 315 847 797 15 614 4 25 376 402 573 629 805 862 863 867 873 876 878 881 883 884 888 890 894 897 900 905 908 909 911 912 917 923 924 925 928 932 936 940 942 948 952 959 963 966 967 973 976 979 982 984 985 991 992 996 998 
4 teacher: 
28 76 130 200 

Council 28:
10 project: 
915 480 515 549 621 919 103 99 357 111 
2 teacher: 
29 144 

Council 29:
10 project: 
764 744 576 670 384 668 190 373 495 578 
2 teacher: 
30 101 

Council 30:
249 project: 
362 849 352 829 105 698 999 571 152 512 10 28 34 40 42 44 57 58 60 71 73 75 77 78 84 85 86 87 90 93 97 98 101 110 112 113 123 134 137 139 140 143 146 150 155 157 159 164 167 171 173 175 182 183 185 193 202 203 205 209 210 211 212 213 215 217 223 226 227 232 233 234 242 246 250 262 267 270 275 276 284 289 292 293 299 305 307 309 313 319 323 326 329 333 339 342 349 354 358 359 360 363 364 366 371 377 378 383 385 387 390 391 392 395 396 399 400 401 407 408 417 419 420 421 422 423 427 429 430 432 433 449 450 453 454 462 470 471 472 473 478 479 483 486 487 489 494 504 507 514 516 521 527 529 533 537 542 552 553 563 567 572 575 580 585 586 587 588 590 593 599 602 603 609 613 615 617 618 619 624 626 627 631 632 634 635 643 646 650 652 656 657 672 674 675 679 681 685 690 692 695 703 705 707 716 717 724 726 730 735 737 738 740 742 747 752 754 756 757 759 767 769 771 773 777 778 779 784 791 795 800 802 809 810 811 813 817 820 821 830 834 835 839 841 842 850 853 856 860 
6 teacher: 
31 146 102 158 176 177 

Council 31:
10 project: 
496 772 974 465 678 413 438 340 444 347 
2 teacher: 
32 62 

Council 32:
10 project: 
346 6 9 620 994 786 304 729 993 2 
2 teacher: 
33 143 

Council 33:
10 project: 
929 425 501 812 32 596 41 121 37 980 
4 teacher: 
34 121 164 199 

Council 34:
10 project: 
610 135 238 508 431 380 379 165 324 277 
3 teacher: 
35 174 184 

Council 35:
10 project: 
953 461 558 273 174 154 24 916 296 129 
2 teacher: 
36 147 

Council 36:
10 project: 
256 252 403 831 667 561 825 114 683 47 
2 teacher: 
37 69 

Council 37:
10 project: 
344 197 416 170 846 658 418 968 306 127 
2 teacher: 
38 188 

Council 38:
10 project: 
459 731 554 528 659 381 503 662 655 69 
3 teacher: 
39 114 175 

Council 39:
10 project: 
506 569 484 46 22 520 861 341 230 975 
2 teacher: 
40 197 

Council 40:
10 project: 
645 808 816 131 930 852 257 969 511 807 
3 teacher: 
41 156 129 

Council 41:
10 project: 
783 76 865 889 519 322 151 541 206 605 
4 teacher: 
42 153 89 95 

Council 42:
10 project: 
828 119 789 796 931 142 18 799 844 474 
2 teacher: 
43 60 

Council 43:
10 project: 
962 887 245 712 260 857 14 490 827 23 
4 teacher: 
44 138 112 186 

Council 44:
10 project: 
954 290 411 463 67 43 291 263 70 240 
3 teacher: 
45 91 96 

Council 45:
10 project: 
16 981 491 676 768 977 437 947 686 195 
3 teacher: 
47 181 194 

Council 46:
10 project: 
718 393 247 415 918 187 565 540 708 906 
2 teacher: 
48 106 

Council 47:
10 project: 
961 774 770 467 719 435 469 885 317 120 
3 teacher: 
49 77 113 

Council 48:
10 project: 
823 589 680 877 12 898 132 321 104 785 
2 teacher: 
50 108 

Council 49:
10 project: 
475 130 441 782 677 36 819 758 720 192 
2 teacher: 
51 198 

Council 50:
10 project: 
318 265 295 345 530 201 125 198 532 574 
4 teacher: 
52 120 157 172 

Council 51:
10 project: 
253 191 604 910 169 858 308 725 955 334 
3 teacher: 
53 182 125 

Council 52:
10 project: 
355 278 204 161 895 451 775 822 294 700 
3 teacher: 
54 136 140 

Council 53:
10 project: 
158 21 26 892 806 64 875 601 19 840 
4 teacher: 
55 78 154 193 

Council 54:
10 project: 
52 691 688 743 65 859 439 666 721 879 
2 teacher: 
57 70 

Council 55:
10 project: 
244 926 436 406 156 302 818 301 592 320 
2 teacher: 
59 118 

Council 56:
10 project: 
746 274 922 522 880 225 330 550 29 665 
2 teacher: 
61 127 

Council 57:
10 project: 
938 793 145 88 312 945 455 651 493 181 
3 teacher: 
63 85 93 

Council 58:
10 project: 
298 555 497 442 414 987 188 59 369 711 
2 teacher: 
65 165 

Council 59:
10 project: 
141 96 241 66 404 934 115 633 80 694 
2 teacher: 
66 142 

Council 60:
11 project: 
348 546 231 502 279 388 74 266 149 372 13 
3 teacher: 
68 187 111 

Council 61:
10 project: 
272 251 702 913 481 337 647 63 792 766 
2 teacher: 
71 167 

Council 62:
10 project: 
229 445 434 200 611 458 748 353 556 389 
2 teacher: 
72 163 

Council 63:
10 project: 
118 303 351 224 843 989 637 957 216 221 
4 teacher: 
73 180 131 179 

Council 64:
11 project: 
314 607 107 941 466 780 239 548 300 448 7 
5 teacher: 
74 160 92 117 169 

Council 65:
10 project: 
343 804 557 815 268 891 709 328 108 222 
3 teacher: 
75 105 104 

Council 66:
10 project: 
370 394 914 254 536 539 375 684 160 669 
2 teacher: 
80 110 

Council 67:
10 project: 
845 600 162 568 124 927 697 636 713 673 
2 teacher: 
81 183 

Council 68:
10 project: 
616 958 547 89 988 949 701 693 872 591 
2 teacher: 
82 189 

Council 69:
10 project: 
440 517 426 972 661 794 117 255 608 598 
2 teacher: 
86 192 

Council 70:
10 project: 
749 803 640 978 258 564 166 562 133 566 
2 teacher: 
87 178 



Answer is: 366000
Solve in 0.418s.