Council 1:
10 project: 
42 223 224 225 226 227 229 230 231 232 
5 teacher: 
1 42 46 47 49 

Council 2:
10 project: 
144 83 84 86 88 89 92 93 94 95 
4 teacher: 
2 38 39 45 

Council 3:
10 project: 
82 10 11 12 13 14 16 17 18 19 
3 teacher: 
3 31 43 

Council 4:
10 project: 
217 75 77 79 80 81 111 112 113 114 
4 teacher: 
4 32 35 50 

Council 5:
10 project: 
124 128 129 130 131 132 133 134 135 136 
4 teacher: 
5 36 37 44 

Council 6:
10 project: 
57 228 233 234 235 236 237 238 240 241 
2 teacher: 
6 41 

Council 7:
10 project: 
78 281 282 283 284 285 286 287 288 290 
1 teacher: 
7 

Council 8:
10 project: 
91 164 165 166 167 168 169 171 172 173 
2 teacher: 
8 33 

Council 9:
10 project: 
15 85 87 90 96 98 100 101 102 103 
2 teacher: 
9 48 

Council 10:
10 project: 
38 64 65 67 69 70 71 72 73 74 
1 teacher: 
10 

Council 11:
10 project: 
271 44 46 47 48 49 50 51 52 53 
1 teacher: 
11 

Council 12:
10 project: 
221 203 204 205 206 207 208 209 210 211 
2 teacher: 
12 40 

Council 13:
10 project: 
289 239 242 243 244 245 246 247 248 250 
2 teacher: 
13 34 

Council 14:
10 project: 
116 118 137 138 139 140 141 142 143 145 
1 teacher: 
14 

Council 15:
10 project: 
194 251 261 262 263 264 265 266 267 268 
1 teacher: 
15 

Council 16:
10 project: 
25 184 185 186 187 188 189 190 191 192 
1 teacher: 
16 

Council 17:
10 project: 
28 193 195 196 197 198 199 200 201 202 
1 teacher: 
17 

Council 18:
10 project: 
66 252 253 254 255 256 257 258 259 260 
1 teacher: 
18 

Council 19:
10 project: 
24 150 156 157 158 159 160 161 162 163 
1 teacher: 
19 

Council 20:
10 project: 
300 45 54 55 56 58 59 60 61 62 
1 teacher: 
20 

Council 21:
10 project: 
273 20 21 22 23 26 29 30 32 33 
1 teacher: 
21 

Council 22:
10 project: 
276 146 147 148 149 151 152 153 154 155 
1 teacher: 
22 

Council 23:
10 project: 
249 291 292 293 294 295 296 297 298 299 
1 teacher: 
23 

Council 24:
10 project: 
117 97 99 104 105 106 107 108 109 110 
1 teacher: 
24 

Council 25:
10 project: 
170 31 34 35 36 37 39 40 41 43 
1 teacher: 
25 

Council 26:
10 project: 
76 269 270 272 274 275 277 278 279 280 
1 teacher: 
26 

Council 27:
10 project: 
177 115 119 120 121 122 123 125 126 127 
1 teacher: 
27 

Council 28:
10 project: 
63 1 2 3 4 5 6 7 8 9 
1 teacher: 
28 

Council 29:
10 project: 
27 174 175 176 178 179 180 181 182 183 
1 teacher: 
29 

Council 30:
10 project: 
68 212 213 214 215 216 218 219 220 222 
1 teacher: 
30 



Answer is: 9734
Solve in 0.027s.