Council 1:
21 project: 
1 102 341 454 994 2 3 4 5 6 407 410 629 805 834 876 879 902 936 956 995 
60 teacher: 
1 2 104 105 107 112 114 116 119 120 121 122 123 124 125 130 133 135 137 138 140 141 143 144 145 149 150 152 153 158 160 161 162 164 165 167 170 171 173 175 176 177 178 179 180 181 182 183 184 185 186 188 189 190 192 193 194 195 196 197 

Council 2:
60 project: 
311 313 333 372 648 693 712 799 816 898 848 849 850 851 860 864 865 866 868 870 875 878 880 881 883 884 887 896 897 900 906 907 909 911 912 916 921 923 924 927 938 940 943 944 945 948 949 950 958 965 969 970 982 987 988 989 992 996 997 998 
2 teacher: 
3 166 

Council 3:
10 project: 
187 315 500 619 947 7 8 9 10 11 
2 teacher: 
4 27 

Council 4:
10 project: 
316 356 381 549 739 752 794 892 928 13 
2 teacher: 
5 24 

Council 5:
10 project: 
12 59 72 212 254 327 478 598 858 14 
2 teacher: 
6 30 

Council 6:
10 project: 
235 269 309 362 754 827 901 959 984 15 
2 teacher: 
7 35 

Council 7:
10 project: 
41 228 232 324 623 651 680 885 966 16 
2 teacher: 
8 36 

Council 8:
10 project: 
150 160 194 397 527 639 644 652 778 17 
2 teacher: 
9 75 

Council 9:
10 project: 
26 77 202 214 352 492 579 729 793 18 
2 teacher: 
10 77 

Council 10:
10 project: 
62 96 162 270 354 468 910 978 985 19 
2 teacher: 
11 83 

Council 11:
10 project: 
110 157 256 414 436 505 690 751 903 20 
2 teacher: 
12 87 

Council 12:
10 project: 
141 196 215 227 337 548 825 905 974 21 
2 teacher: 
13 96 

Council 13:
10 project: 
137 234 323 391 418 530 759 899 951 22 
2 teacher: 
14 103 

Council 14:
10 project: 
164 277 305 322 673 713 745 753 828 23 
2 teacher: 
15 127 

Council 15:
10 project: 
70 423 516 583 594 599 760 803 888 24 
2 teacher: 
16 111 

Council 16:
10 project: 
37 65 225 474 587 600 665 667 832 25 
2 teacher: 
17 131 

Council 17:
10 project: 
52 188 465 472 479 538 542 592 913 27 
2 teacher: 
18 55 

Council 18:
10 project: 
163 296 432 515 536 560 727 872 914 28 
2 teacher: 
19 132 

Council 19:
10 project: 
50 291 366 424 534 581 871 917 933 29 
2 teacher: 
20 113 

Council 20:
10 project: 
47 134 193 584 585 686 707 854 972 30 
2 teacher: 
21 142 

Council 21:
10 project: 
165 170 191 207 230 312 496 703 747 31 
2 teacher: 
22 115 

Council 22:
10 project: 
74 85 152 182 547 595 610 740 960 32 
2 teacher: 
23 70 

Council 23:
10 project: 
206 383 460 481 510 559 765 835 867 34 
2 teacher: 
25 156 

Council 24:
10 project: 
33 73 91 100 109 122 798 971 999 35 
2 teacher: 
26 49 

Council 25:
10 project: 
61 105 123 138 178 668 692 857 919 36 
2 teacher: 
28 126 

Council 26:
10 project: 
40 64 243 408 511 791 893 915 961 38 
2 teacher: 
29 84 

Council 27:
10 project: 
45 116 331 564 643 653 691 830 845 39 
2 teacher: 
31 155 

Council 28:
10 project: 
171 266 338 622 709 728 780 782 856 42 
2 teacher: 
32 151 

Council 29:
10 project: 
78 155 183 241 624 674 699 925 968 43 
2 teacher: 
33 41 

Council 30:
10 project: 
80 190 303 353 519 732 758 841 931 44 
2 teacher: 
34 93 

Council 31:
10 project: 
53 147 238 281 525 611 638 811 937 46 
2 teacher: 
37 39 

Council 32:
10 project: 
103 117 143 253 348 412 506 580 829 48 
2 teacher: 
38 58 

Council 33:
10 project: 
186 195 283 409 502 606 675 813 882 49 
2 teacher: 
40 81 

Council 34:
10 project: 
63 169 222 482 676 784 802 930 980 51 
2 teacher: 
42 174 

Council 35:
10 project: 
236 401 711 817 844 895 953 964 991 54 
2 teacher: 
43 91 

Council 36:
10 project: 
239 417 447 570 621 650 670 701 810 55 
2 teacher: 
44 108 

Council 37:
10 project: 
88 115 204 276 533 590 869 874 890 56 
2 teacher: 
45 199 

Council 38:
10 project: 
344 396 491 495 672 716 820 962 57 58 
2 teacher: 
46 134 

Council 39:
10 project: 
177 213 342 441 608 663 800 957 990 60 
2 teacher: 
47 118 

Council 40:
10 project: 
133 258 370 379 488 720 873 908 1000 66 
2 teacher: 
48 78 

Council 41:
10 project: 
79 98 242 404 435 513 586 687 736 67 
2 teacher: 
50 85 

Council 42:
10 project: 
151 154 285 556 569 781 785 788 935 68 
2 teacher: 
51 80 

Council 43:
10 project: 
112 247 288 355 545 558 568 620 678 69 
2 teacher: 
52 110 

Council 44:
10 project: 
146 378 437 449 526 615 694 855 979 71 
2 teacher: 
53 139 

Council 45:
10 project: 
284 486 497 529 554 688 836 891 967 75 
2 teacher: 
54 94 

Council 46:
10 project: 
158 201 346 358 457 484 518 749 792 76 
2 teacher: 
56 86 

Council 47:
10 project: 
181 250 302 469 471 543 646 698 981 81 
2 teacher: 
57 191 

Council 48:
10 project: 
210 290 464 618 724 795 926 983 82 84 
2 teacher: 
59 79 

Council 49:
10 project: 
83 347 349 462 582 744 797 837 946 86 
2 teacher: 
60 154 

Council 50:
10 project: 
97 411 461 696 714 755 889 973 993 87 
2 teacher: 
61 66 

Council 51:
10 project: 
226 274 443 459 532 597 768 942 977 89 
2 teacher: 
62 117 

Council 52:
10 project: 
92 205 219 260 267 289 812 831 877 90 
2 teacher: 
63 159 

Council 53:
10 project: 
113 114 217 382 572 605 661 682 822 93 
2 teacher: 
64 69 

Council 54:
10 project: 
180 203 278 318 425 458 722 742 772 94 
2 teacher: 
65 163 

Council 55:
10 project: 
118 251 275 405 475 487 705 806 939 95 
2 teacher: 
67 71 

Council 56:
10 project: 
200 298 363 489 689 783 823 941 952 99 
2 teacher: 
68 129 

Council 57:
10 project: 
142 263 386 387 393 455 612 737 738 101 
2 teacher: 
72 187 

Council 58:
10 project: 
106 300 357 494 571 626 655 918 104 107 
2 teacher: 
73 169 

Council 59:
10 project: 
259 575 635 649 704 846 852 863 894 108 
2 teacher: 
74 136 

Council 60:
10 project: 
216 319 339 364 371 426 501 603 963 111 
2 teacher: 
76 97 

Council 61:
10 project: 
244 480 588 710 741 777 853 920 922 119 
2 teacher: 
82 147 

Council 62:
10 project: 
159 262 310 403 406 658 706 725 859 120 
2 teacher: 
88 146 

Council 63:
10 project: 
189 434 616 659 681 731 750 796 862 121 
2 teacher: 
89 106 

Council 64:
10 project: 
466 499 509 563 641 756 929 932 976 124 
2 teacher: 
90 109 

Council 65:
10 project: 
126 131 307 369 708 787 821 843 955 125 
2 teacher: 
92 148 

Council 66:
10 project: 
231 282 304 413 452 531 567 578 986 127 
2 teacher: 
95 101 

Council 67:
10 project: 
140 172 314 551 613 614 617 723 886 128 
2 teacher: 
98 128 

Council 68:
10 project: 
271 292 335 517 632 656 684 767 861 129 
2 teacher: 
99 157 

Council 69:
10 project: 
192 273 334 485 593 607 627 669 934 130 
4 teacher: 
100 172 198 200 

Council 70:
249 project: 
149 249 373 419 512 789 904 954 975 132 135 136 139 144 145 148 153 156 161 166 167 168 173 174 175 176 179 184 185 197 198 199 208 209 211 218 220 221 223 224 229 233 237 240 245 246 248 252 255 257 261 264 265 268 272 279 280 286 287 293 294 295 297 299 301 306 308 317 320 321 325 326 328 329 330 332 336 340 343 345 350 351 359 360 361 365 367 368 374 375 376 377 380 384 385 388 389 390 392 394 395 398 399 400 402 415 416 420 421 422 427 428 429 430 431 433 438 439 440 442 444 445 446 448 450 451 453 456 463 467 470 473 476 477 483 490 493 498 503 504 507 508 514 520 521 522 523 524 528 535 537 539 540 541 544 546 550 552 553 555 557 561 562 565 566 573 574 576 577 589 591 596 601 602 604 609 625 628 630 631 633 634 636 637 640 642 645 647 654 657 660 662 664 666 671 677 679 683 685 695 697 700 702 715 717 718 719 721 726 730 733 734 735 743 746 748 757 761 762 763 764 766 769 770 771 773 774 775 776 779 786 790 801 804 807 808 809 814 815 818 819 824 826 833 838 839 840 842 847 
2 teacher: 
102 168 



Answer is: 374607
Solve in 0.424s.