Council 1:
11 project:
3 14 17 23 26 34 37 63 67 68 84 
2 teacher:
18 30 

Council 2:
7 project:
27 35 41 72 74 78 94 
5 teacher:
11 13 14 20 25 

Council 3:
10 project:
4 7 12 19 55 61 65 69 76 86 
3 teacher:
4 24 27 

Council 4:
12 project:
1 16 28 29 40 43 45 49 54 66 71 77 
2 teacher:
9 10 

Council 5:
9 project:
10 11 21 38 58 60 64 81 99 
1 teacher:
2 

Council 6:
8 project:
9 22 46 47 51 80 90 97 
3 teacher:
5 15 19 

Council 7:
12 project:
6 20 24 25 44 56 57 62 70 75 82 87 
2 teacher:
12 23 

Council 8:
9 project:
2 32 33 39 52 53 73 83 93 
3 teacher:
16 22 26 

Council 9:
10 project:
5 8 18 36 48 79 92 95 96 100 
5 teacher:
1 3 7 8 28 

Council 10:
12 project:
13 15 30 31 42 50 59 85 88 89 91 98 
4 teacher:
6 17 21 29 


Answer is: 3679
Solve in 0.41796159744262695s
