1000
81 84 50 70 98 88 26 38 65 50 64 71 19 17 1 13 100 79 7 23 13 98 22 56 33 76 24 56 48 1 17 72 6 49 41 7 94 80 26 79 6 5 9 68 22 25 16 48 60 98 46 4 51 36 4 56 5 9 3 5 8 49 53 5 27 35 23 61 2 20 76 25 14 98 17 46 45 60 10 89 40 11 84 10 70 81 97 12 38 33 20 70 13 48 81 68 79 2 11 26 1 16 64 48 57 3 95 79 79 65 67 44 60 8 11 9 55 80 23 12 14 90 54 46 99 67 31 85 36 99 98 51 67 34 67 48 11 24 56 93 53 100 82 45 63 84 56 37 82 51 13 8 45 84 17 19 4 37 90 42 82 15 10 63 8 47 17 44 87 15 7 61 66 52 22 31 40 63 7 5 38 26 32 57 78 35 50 64 55 53 4 12 36 12 24 46 66 16 76 8 65 68 58 87 40 14 36 89 49 90 22 82 15 93 24 100 51 23 24 99 80 88 15 16 27 38 98 11 60 55 51 32 17 100 97 95 67 58 59 91 2 56 35 56 23 66 78 65 95 26 41 31 9 58 42 4 4 32 90 72 4 63 27 54 35 17 27 38 66 64 19 36 13 93 97 49 88 92 16 99 10 1 100 9 25 33 24 63 93 6 57 72 18 42 46 33 66 18 5 23 14 68 40 87 31 21 89 59 87 45 32 27 45 54 84 20 5 3 65 32 64 53 33 3 76 51 71 40 84 46 18 21 25 21 97 60 48 53 20 10 34 66 4 93 67 13 35 35 89 20 31 98 57 20 22 10 10 11 16 95 38 49 41 80 18 45 65 26 76 9 86 6 16 59 21 7 18 38 53 67 88 11 18 9 50 95 12 22 7 87 45 15 21 32 51 58 6 7 20 31 90 84 53 68 27 14 71 15 34 80 36 73 35 2 19 95 83 15 63 17 23 3 31 65 25 48 69 12 3 87 95 60 55 70 76 65 14 12 67 73 33 71 66 79 90 76 1 67 31 88 20 88 76 13 36 100 1 8 54 10 96 18 19 87 51 5 79 59 93 85 33 78 88 73 98 19 40 11 55 17 55 8 11 64 99 31 85 70 8 55 36 88 53 25 25 61 49 23 68 81 68 13 31 13 71 71 73 81 27 22 66 87 40 46 93 33 50 18 59 45 42 2 22 70 75 64 93 1 25 18 58 27 2 100 54 27 64 89 70 88 4 85 89 54 100 54 40 34 45 61 40 89 89 93 9 65 25 51 34 24 59 90 97 56 27 82 18 21 85 99 4 15 12 55 66 40 38 70 72 48 73 51 59 6 45 57 33 57 41 23 73 76 48 31 99 19 32 26 8 44 21 7 59 93 55 71 46 49 78 21 85 16 68 11 41 14 40 79 54 71 15 55 41 59 77 90 81 41 79 16 99 63 24 90 56 38 87 49 50 21 85 57 33 8 68 1 38 24 17 40 41 85 61 41 19 24 71 89 80 32 97 98 87 64 95 42 72 53 85 9 61 13 60 34 73 56 20 19 24 48 37 97 65 37 7 6 14 37 46 72 44 82 57 64 6 45 41 16 80 76 22 34 54 76 23 80 63 60 60 34 80 71 85 59 12 30 54 24 19 53 3 20 18 10 10 48 38 78 73 26 49 41 2 49 4 6 66 15 78 10 16 72 10 55 57 80 100 1 9 89 99 19 90 70 58 51 5 88 58 35 54 93 82 82 97 99 71 80 76 88 11 19 1 36 31 67 26 81 23 70 61 21 49 3 57 97 23 14 12 48 61 5 17 58 57 35 25 14 22 38 63 14 7 29 81 20 2 42 44 27 34 82 11 50 33 21 32 20 3 78 26 25 80 42 100 60 46 65 37 63 42 37 95 61 5 26 97 74 50 34 2 55 89 66 60 81 2 3 98 45 8 73 22 42 37 56 67 88 84 6 36 59 78 35 42 63 7 85 50 58 64 78 25 84 36 34 58 72 32 8 61 44 78 50 66 46 3 72 99 42 87 93 6 100 37 72 54 37 58 26 82 41 44 53 81 68 78 67 73 50 62 43 2 100 89 1 35 95 2 4 46 51 44 13 1 60 9 81 42 28 17 79 70 44 79 9 3 95 71 99 95 68 44 58 21 32 72 49 44 14 35 68 90 72 63 36 78 12 7 97 79 85 15 22 97 56 70 61 82 98 65 33 13 64 50 44 12 39 32 73 5 53 90 77 37 57 73 6 87 16 18 27 37 81 15 98 82 59 61 34 
200
19 1 14 2 3 15 19 22 68 37 69 18 90 36 13 14 52 38 6 19 6 61 1 2 75 6 74 78 27 86 53 2 18 22 4 97 5 16 4 17 25 2 54 4 71 10 77 5 47 10 93 60 35 6 79 7 9 8 21 11 99 5 87 11 67 84 80 3 23 7 83 4 1 5 8 3 64 41 19 5 92 29 76 30 59 15 85 70 63 11 14 7 7 91 8 56 12 45 12 57 13 3 62 9 58 10 26 6 13 13 82 66 20 48 9 16 16 13 20 31 10 35 3 24 7 96 50 14 12 39 18 31 17 34 17 12 11 21 55 17 9 49 16 94 22 27 16 72 81 20 2 46 14 42 8 98 73 18 8 22 15 22 23 11 32 4 9 19 20 20 21 26 25 23 24 95 43 89 25 17 1 100 88 15 18 27 24 65 12 15 44 33 21 51 24 28 1 27 40 10 

Answer is: 31743
Best method is: Method 6
Solve in 64.377s.

Answer for all methods: 
Method 1: 31582
Method 2: 31565
Method 3: 31617
Method 4: 31505
Method 5: 31547
Method 6: 31743
Method 7: 31571
Method 8: 31575

Councils distribution for method 6:

Council 1:
12 project: 
15 30 101 282 447 457 528 646 748 773 916 925 
5 teacher: 
2 23 73 181 197 

Council 2:
12 project: 
69 98 241 414 522 533 733 807 841 847 913 919 
5 teacher: 
4 24 32 42 151 

Council 3:
12 project: 
59 106 318 324 422 429 721 784 819 848 887 937 
5 teacher: 
5 68 76 102 123 

Council 4:
12 project: 
52 55 157 191 256 257 261 343 541 571 735 920 
5 teacher: 
35 39 44 72 166 

Council 5:
12 project: 
42 57 60 64 180 299 317 466 757 792 835 981 
5 teacher: 
37 48 62 74 80 

Council 6:
12 project: 
33 41 290 372 397 584 686 695 736 860 893 988 
5 teacher: 
19 21 26 54 108 

Council 7:
12 project: 
19 36 171 179 376 389 398 602 685 803 867 959 
5 teacher: 
56 70 92 93 125 

Council 8:
12 project: 
61 114 152 165 200 458 482 489 599 644 851 880 
5 teacher: 
58 75 95 155 159 

Council 9:
12 project: 
43 58 116 253 284 370 384 555 670 749 927 936 
5 teacher: 
57 104 115 141 167 

Council 10:
12 project: 
79 84 163 281 340 356 357 460 724 725 740 743 
5 teacher: 
46 50 106 121 200 

Council 11:
12 project: 
82 99 115 137 228 358 382 478 483 614 771 813 
5 teacher: 
60 64 90 137 164 

Council 12:
12 project: 
88 120 192 194 387 428 438 573 715 789 958 977 
5 teacher: 
97 99 129 136 189 

Council 13:
12 project: 
16 21 93 151 273 346 454 502 504 672 924 973 
5 teacher: 
15 101 109 110 118 

Council 14:
12 project: 
73 121 206 301 406 437 616 687 788 798 802 950 
5 teacher: 
3 16 91 128 153 

Council 15:
12 project: 
162 170 213 223 392 408 418 572 621 738 963 995 
5 teacher: 
6 86 161 184 190 

Council 16:
12 project: 
47 102 198 224 279 359 373 612 630 698 741 990 
5 teacher: 
38 116 117 143 147 

Council 17:
12 project: 
14 31 75 155 167 233 266 420 480 649 793 931 
5 teacher: 
40 133 135 140 180 

Council 18:
12 project: 
293 298 331 365 377 383 462 518 530 567 723 991 
5 teacher: 
12 33 131 158 185 

Council 19:
12 project: 
13 156 271 415 463 476 596 655 678 719 752 772 
5 teacher: 
1 7 20 79 168 

Council 20:
12 project: 
70 91 316 339 350 354 399 451 677 722 806 818 
5 teacher: 
113 119 150 169 170 

Council 21:
12 project: 
306 332 334 375 393 568 601 610 640 782 816 945 
4 teacher: 
59 138 171 193 

Council 22:
12 project: 
23 45 175 211 355 388 510 523 701 799 853 964 
5 teacher: 
8 34 145 160 162 

Council 23:
12 project: 
20 67 119 218 245 300 421 498 590 705 779 787 
3 teacher: 
69 163 174 

Council 24:
12 project: 
27 138 195 215 219 287 560 633 648 656 679 718 
4 teacher: 
124 175 187 195 

Council 25:
12 project: 
46 72 285 333 425 494 495 529 557 797 822 873 
3 teacher: 
41 173 179 

Council 26:
12 project: 
7 39 100 182 250 368 598 730 777 821 836 900 
2 teacher: 
107 172 

Council 27:
12 project: 
65 225 263 267 312 405 509 532 536 565 810 992 
4 teacher: 
29 146 186 198 

Council 28:
1 project: 
930 
1 teacher: 
196 

Council 29:
1 project: 
804 
1 teacher: 
82 

Council 30:
1 project: 
716 
1 teacher: 
84 

Council 31:
12 project: 
127 176 252 305 351 400 423 449 486 503 594 775 
2 teacher: 
120 132 

Council 32:
12 project: 
183 232 258 311 320 394 597 660 817 879 946 979 
1 teacher: 
165 

Council 33:
12 project: 
25 90 286 296 323 441 471 516 587 643 815 972 
1 teacher: 
192 

Council 34:
12 project: 
134 341 409 548 559 674 702 710 811 840 876 1000 
1 teacher: 
134 

Council 35:
12 project: 
66 186 243 265 347 348 413 760 796 864 917 951 
2 teacher: 
53 122 

Council 36:
12 project: 
54 129 193 207 272 411 455 491 774 861 875 956 
1 teacher: 
14 

Council 37:
12 project: 
148 158 681 684 688 829 832 855 895 898 985 993 
1 teacher: 
10 

Council 38:
12 project: 
8 89 181 226 268 361 378 577 636 647 727 800 
1 teacher: 
18 

Council 39:
1 project: 
978 
1 teacher: 
130 

Council 40:
12 project: 
81 177 205 303 328 477 513 547 551 576 617 650 
1 teacher: 
199 

Council 41:
12 project: 
35 251 363 589 615 623 628 651 654 697 732 902 
1 teacher: 
78 

Council 42:
12 project: 
160 255 294 521 666 808 824 831 854 865 890 929 
1 teacher: 
154 

Council 43:
1 project: 
912 
1 teacher: 
177 

Council 44:
12 project: 
112 168 600 691 809 882 903 923 934 943 949 976 
1 teacher: 
191 

Council 45:
12 project: 
77 144 153 310 313 366 391 520 549 585 696 850 
1 teacher: 
98 

Council 46:
12 project: 
51 76 124 196 295 330 514 607 689 827 886 921 
1 teacher: 
152 

Council 47:
1 project: 
166 
1 teacher: 
49 

Council 48:
12 project: 
29 48 94 104 136 337 426 580 593 680 726 790 
1 teacher: 
114 

Council 49:
12 project: 
34 62 209 276 362 497 608 638 731 734 783 948 
1 teacher: 
142 

Council 50:
12 project: 
3 10 187 385 517 639 814 839 869 884 910 975 
1 teacher: 
127 

Council 51:
12 project: 
53 132 150 217 231 326 395 465 558 582 756 922 
1 teacher: 
194 

Council 52:
1 project: 
174 
1 teacher: 
17 

Council 53:
12 project: 
63 141 190 322 338 379 403 493 668 720 904 982 
1 teacher: 
31 

Council 54:
12 project: 
123 264 314 459 535 544 546 619 703 717 761 897 
1 teacher: 
43 

Council 55:
12 project: 
117 189 230 433 479 481 490 574 605 622 744 842 
1 teacher: 
139 

Council 56:
12 project: 
24 28 56 139 147 242 244 564 635 676 856 966 
1 teacher: 
96 

Council 57:
12 project: 
105 184 291 353 586 588 642 693 745 785 795 986 
1 teacher: 
100 

Council 58:
12 project: 
203 238 254 396 531 755 759 794 870 877 899 944 
1 teacher: 
105 

Council 59:
12 project: 
239 308 374 468 519 561 583 603 624 714 862 998 
1 teacher: 
85 

Council 60:
12 project: 
49 78 113 229 336 432 673 708 709 826 845 926 
1 teacher: 
52 

Council 61:
12 project: 
68 172 496 550 653 671 781 791 834 881 968 999 
1 teacher: 
22 

Council 62:
1 project: 
911 
1 teacher: 
103 

Council 63:
12 project: 
145 164 178 262 288 419 632 707 801 830 866 955 
1 teacher: 
89 

Council 64:
12 project: 
11 103 188 270 321 484 526 537 664 694 871 974 
1 teacher: 
77 

Council 65:
12 project: 
9 110 201 248 319 367 424 436 556 683 828 971 
1 teacher: 
188 

Council 66:
12 project: 
173 197 246 269 297 342 443 511 575 737 844 885 
1 teacher: 
112 

Council 67:
12 project: 
111 126 133 135 237 345 380 439 448 776 857 908 
1 teacher: 
65 

Council 68:
12 project: 
44 96 202 302 404 499 501 613 645 906 942 952 
1 teacher: 
9 

Council 69:
1 project: 
427 
1 teacher: 
11 

Council 70:
12 project: 
4 85 92 434 488 524 539 578 754 780 933 967 
1 teacher: 
88 

Council 71:
12 project: 
12 327 407 442 505 506 606 620 657 712 767 939 
1 teacher: 
45 

Council 72:
12 project: 
32 260 292 579 667 690 742 878 888 896 947 954 
1 teacher: 
148 

Council 73:
12 project: 
412 440 474 507 581 591 675 729 852 909 980 987 
1 teacher: 
157 

Council 74:
1 project: 
838 
1 teacher: 
27 

Council 75:
1 project: 
525 
1 teacher: 
25 

Council 76:
12 project: 
26 71 199 325 369 435 446 453 592 700 704 769 
1 teacher: 
83 

Council 77:
2 project: 
625 984 
1 teacher: 
47 

Council 78:
12 project: 
185 247 472 609 728 739 820 863 872 883 907 957 
1 teacher: 
28 

Council 79:
12 project: 
18 40 97 108 109 444 467 618 629 932 935 961 
1 teacher: 
55 

Council 80:
12 project: 
38 118 221 364 410 659 699 706 711 746 768 823 
1 teacher: 
67 

Council 81:
12 project: 
1 86 95 500 508 627 778 805 846 905 928 994 
1 teacher: 
149 

Council 82:
12 project: 
143 149 161 212 566 692 763 764 812 901 969 997 
1 teacher: 
111 

Council 83:
1 project: 
417 
1 teacher: 
71 

Council 84:
9 project: 
2 83 146 154 315 329 402 859 874 
1 teacher: 
66 

Council 85:
12 project: 
128 470 487 542 569 611 641 652 669 713 868 962 
1 teacher: 
87 

Council 86:
1 project: 
371 
1 teacher: 
30 

Council 87:
12 project: 
169 204 304 309 390 430 464 512 637 663 891 989 
1 teacher: 
63 

Council 88:
12 project: 
6 222 277 381 450 452 473 492 540 758 770 858 
1 teacher: 
183 

Council 89:
12 project: 
80 208 307 349 538 543 552 553 658 750 843 915 
1 teacher: 
178 

Council 90:
12 project: 
122 159 210 259 401 445 562 626 634 753 953 983 
1 teacher: 
13 

Council 91:
1 project: 
240 
1 teacher: 
94 

Council 92:
1 project: 
278 
1 teacher: 
81 

Council 93:
12 project: 
140 214 274 289 344 469 515 527 554 604 762 892 
1 teacher: 
51 

Council 94:
1 project: 
37 
1 teacher: 
144 

Council 95:
12 project: 
107 236 249 360 386 416 431 665 833 918 938 941 
1 teacher: 
176 

Council 96:
1 project: 
461 
1 teacher: 
126 

Council 97:
12 project: 
87 235 275 335 563 661 682 765 786 837 960 965 
1 teacher: 
36 

Council 98:
12 project: 
5 22 50 74 131 227 352 475 662 849 970 996 
1 teacher: 
156 

Council 99:
12 project: 
125 130 220 280 485 570 595 631 751 766 889 940 
1 teacher: 
61 

Council 100:
12 project: 
17 142 216 234 283 456 534 545 747 825 894 914 
1 teacher: 
182 

