Maximum value of e and f are:
210620 5571290

Council 1:
50 project: 
340 25 37 136 90 384 6 120 307 396 460 54 78 79 101 151 163 201 299 382 422 89 115 174 1 8 13 19 23 36 51 62 68 73 93 95 104 113 146 177 185 193 211 279 284 300 316 452 458 472 
33 teacher: 
467 1 2 3 4 5 6 7 8 10 12 14 15 16 17 18 19 21 22 23 24 25 26 27 29 30 31 32 34 35 36 37 38 

Council 2:
24 project: 
500 477 479 481 482 485 486 487 490 491 492 493 495 496 497 498 499 478 484 488 489 494 480 483 
33 teacher: 
500 9 11 13 20 28 33 39 40 41 42 43 44 45 46 47 48 49 50 51 52 53 54 55 56 57 58 59 60 61 62 63 64 

Council 3:
46 project: 
53 176 220 298 26 194 229 235 326 348 360 429 69 156 214 290 322 334 34 47 52 96 103 114 21 76 86 130 131 142 145 155 206 221 234 249 252 263 267 354 365 390 392 443 457 464 
33 teacher: 
65 66 68 69 70 71 72 73 74 75 76 77 78 79 80 81 82 83 85 86 89 90 92 93 94 96 97 98 100 101 102 103 104 

Council 4:
45 project: 
2 436 128 188 323 355 410 39 46 83 121 175 216 233 440 12 27 55 138 202 247 251 264 281 4 31 74 139 143 179 180 186 209 213 223 269 296 297 332 359 363 407 408 414 439 
37 teacher: 
105 106 107 108 109 110 111 112 113 114 115 116 117 118 120 121 123 124 125 126 127 128 129 131 132 133 134 135 136 137 138 139 140 149 385 407 426 

Council 5:
41 project: 
199 38 278 372 420 77 81 129 133 159 187 305 388 424 5 7 24 48 49 80 230 239 266 333 88 107 110 197 198 217 236 246 250 256 306 337 356 367 373 413 425 
33 teacher: 
141 142 143 144 145 146 147 150 151 152 153 154 155 156 157 158 159 161 162 163 165 166 167 168 170 171 172 173 175 176 178 180 181 

Council 6:
41 project: 
71 219 261 33 140 148 167 270 451 17 119 125 208 330 368 383 387 406 465 10 30 40 135 164 152 165 191 228 238 242 265 319 331 345 361 377 389 391 397 398 447 
33 teacher: 
177 182 183 184 186 187 188 191 194 195 196 197 199 200 201 203 204 205 206 207 209 210 211 212 214 215 216 217 218 219 221 222 223 

Council 7:
39 project: 
178 225 32 126 207 315 466 35 45 67 112 144 150 254 259 285 327 412 423 471 16 20 57 92 97 99 203 222 277 324 344 381 403 432 433 438 445 446 463 
33 teacher: 
190 224 225 226 227 228 229 230 231 232 233 234 235 236 237 238 239 240 241 242 243 245 246 247 249 250 251 252 253 254 255 256 257 

Council 8:
35 project: 
378 59 82 189 346 461 122 123 154 157 170 196 212 282 302 336 351 476 14 28 64 70 75 153 258 309 329 338 350 358 375 385 394 411 453 
33 teacher: 
84 258 259 260 262 264 265 266 267 268 269 270 272 273 274 275 276 277 278 279 280 281 283 284 286 287 288 290 291 292 293 294 296 

Council 9:
29 project: 
276 227 243 449 85 168 232 257 273 288 308 317 374 376 404 454 474 9 11 108 141 341 364 431 291 335 347 434 444 
33 teacher: 
122 193 297 299 300 301 302 303 304 305 307 308 309 310 311 312 313 314 315 316 317 318 319 320 321 322 323 324 325 326 327 328 330 

Council 10:
28 project: 
301 314 248 342 369 380 427 473 63 66 72 87 169 318 428 467 43 56 60 94 147 172 200 295 116 353 417 468 
33 teacher: 
169 331 332 333 334 335 336 337 338 340 341 342 343 344 345 346 347 348 349 350 351 352 353 355 356 357 358 359 360 361 362 363 365 

Council 11:
25 project: 
15 171 237 313 218 395 421 448 450 50 65 109 162 215 274 280 283 321 325 399 470 61 102 105 343 
33 teacher: 
366 368 369 370 371 372 373 374 375 376 377 378 379 380 381 382 383 384 387 388 389 390 391 392 393 394 395 396 397 398 399 400 401 

Council 12:
24 project: 
190 455 44 100 160 437 441 469 29 118 132 224 435 58 117 173 204 231 260 303 415 416 418 456 
33 teacher: 
185 285 402 403 404 405 408 409 411 412 413 414 415 416 417 419 420 422 423 424 425 428 429 430 431 432 433 434 435 436 437 438 439 

Council 13:
25 project: 
84 205 304 366 426 134 275 289 339 371 379 166 182 241 244 268 293 311 312 349 370 91 127 240 357 
34 teacher: 
99 119 130 148 192 213 248 441 442 443 444 445 446 447 448 449 450 451 452 454 455 456 458 460 461 462 463 464 465 466 469 470 471 488 

Council 14:
24 project: 
22 111 161 210 320 430 18 41 149 184 262 310 393 405 475 42 195 253 255 271 362 401 442 98 
33 teacher: 
244 472 473 474 475 476 477 478 479 480 481 483 484 485 486 489 490 491 492 493 494 495 497 498 499 67 87 91 95 160 164 174 179 

Council 15:
24 project: 
226 272 400 459 3 181 192 294 402 419 106 137 158 245 286 287 292 328 352 386 409 462 124 183 
33 teacher: 
271 457 482 496 189 198 208 220 261 263 282 289 295 298 306 329 339 354 364 367 386 406 418 427 440 453 459 468 487 88 202 410 421 



Answer is: 227896533347
Solve in 3.862s.