Maximum value of e and f are:
3673742 4596739

Council 1:
26 project: 
102 471 362 468 13 93 137 34 88 123 163 36 184 60 106 41 61 84 90 98 135 171 177 237 253 265 
15 teacher: 
485 1 2 3 4 6 7 8 9 10 11 12 15 16 17 

Council 2:
15 project: 
495 486 487 489 490 491 492 493 494 496 497 498 499 500 488 
15 teacher: 
500 5 13 14 18 19 20 21 22 23 24 25 26 27 28 

Council 3:
30 project: 
310 300 432 71 87 222 245 258 483 48 77 116 134 154 252 7 22 78 83 108 124 127 156 176 233 244 318 328 372 417 
15 teacher: 
29 30 31 32 34 35 36 38 39 40 41 42 44 45 46 

Council 4:
31 project: 
32 142 5 70 485 360 402 470 35 38 64 101 235 281 466 25 37 109 126 216 226 249 257 290 293 294 327 394 408 430 477 
15 teacher: 
47 48 49 50 51 52 53 54 55 56 57 59 60 61 62 

Council 5:
27 project: 
139 129 175 363 168 230 397 406 81 234 334 42 67 103 161 53 66 117 148 166 255 340 364 429 450 461 462 
15 teacher: 
63 64 65 66 67 68 70 71 72 73 74 75 76 77 78 

Council 6:
27 project: 
47 149 322 453 241 279 392 409 20 62 94 173 211 379 387 9 110 112 174 208 263 273 297 356 405 459 476 
15 teacher: 
79 80 81 82 83 84 85 86 87 88 89 90 91 92 93 

Council 7:
23 project: 
247 345 73 91 415 17 57 256 332 346 40 121 131 158 248 114 122 196 210 221 357 472 480 
15 teacher: 
94 95 96 97 98 99 100 101 102 103 105 106 107 108 109 

Council 8:
21 project: 
365 278 55 250 282 410 419 4 159 178 229 398 411 56 146 205 236 268 339 381 436 
15 teacher: 
37 104 110 111 112 113 116 117 118 119 120 121 122 123 124 

Council 9:
22 project: 
153 193 276 424 24 354 11 59 80 239 243 377 51 65 74 138 145 217 261 267 272 455 
129 teacher: 
125 126 128 130 132 133 134 135 136 137 138 139 140 141 142 43 129 149 171 182 184 192 208 225 238 265 271 278 293 304 325 334 345 362 372 394 395 396 397 398 399 400 401 402 403 404 405 406 407 408 409 410 411 412 413 414 415 417 418 419 420 421 422 423 424 425 426 427 428 429 430 431 432 433 434 435 436 437 438 439 440 441 442 443 444 445 446 447 448 449 450 451 452 453 454 455 456 457 458 459 460 461 462 463 464 465 466 467 468 469 470 471 472 473 474 475 476 477 478 479 480 481 482 483 484 486 487 488 489 

Council 10:
22 project: 
292 426 337 433 30 204 269 291 317 16 238 344 348 380 400 105 150 195 423 428 443 447 
15 teacher: 
143 144 145 146 147 148 150 151 152 153 155 157 158 159 160 

Council 11:
19 project: 
311 343 160 304 457 43 227 473 478 39 133 172 203 251 295 190 302 389 414 
15 teacher: 
127 154 156 161 162 163 164 165 166 167 168 169 170 172 173 

Council 12:
22 project: 
85 140 219 373 180 259 287 331 58 118 185 330 352 369 431 192 285 308 351 368 388 399 
15 teacher: 
174 175 176 177 178 179 180 181 183 185 186 187 188 189 190 

Council 13:
19 project: 
274 277 442 18 45 212 283 288 314 316 375 391 2 27 31 189 271 458 467 
15 teacher: 
69 115 191 193 194 195 197 198 199 200 201 202 203 204 205 

Council 14:
17 project: 
225 260 451 479 299 358 46 49 97 162 275 326 383 396 82 266 289 
15 teacher: 
58 206 207 209 210 211 212 213 214 215 216 217 218 219 220 

Council 15:
18 project: 
6 52 223 202 280 320 378 440 441 86 141 157 169 264 370 213 349 413 
15 teacher: 
221 222 223 224 226 227 228 229 230 231 232 233 234 235 236 

Council 16:
17 project: 
111 143 170 182 200 231 10 107 296 313 446 454 186 198 228 312 374 
15 teacher: 
237 239 240 241 242 243 244 245 246 247 248 249 250 251 252 

Council 17:
17 project: 
385 207 220 460 469 8 79 96 167 224 347 404 3 14 33 465 484 
15 teacher: 
253 254 255 256 257 258 259 260 261 262 263 264 266 267 268 

Council 18:
18 project: 
69 76 89 92 191 309 329 338 425 63 100 155 284 286 393 341 416 481 
15 teacher: 
196 269 270 272 273 274 275 276 277 279 280 281 282 283 284 

Council 19:
19 project: 
136 240 420 28 113 132 209 371 403 418 434 99 165 298 474 303 366 422 463 
15 teacher: 
285 286 287 288 289 290 291 292 294 295 296 297 298 299 300 

Council 20:
15 project: 
206 68 353 384 438 439 448 449 395 401 115 242 306 475 54 
15 teacher: 
301 302 303 305 306 307 308 309 310 311 312 313 314 315 316 

Council 21:
15 project: 
456 104 201 214 336 23 15 19 218 232 361 445 482 26 29 
15 teacher: 
317 318 319 320 321 322 323 324 326 327 328 329 330 331 332 

Council 22:
15 project: 
444 75 188 270 321 50 147 254 301 355 130 179 199 333 72 
15 teacher: 
333 335 336 337 338 339 340 341 342 343 344 346 347 348 349 

Council 23:
15 project: 
183 319 181 215 386 390 421 437 382 125 307 412 44 119 246 
15 teacher: 
33 114 131 350 351 352 353 354 355 356 357 358 359 360 361 

Council 24:
15 project: 
197 315 452 21 376 407 435 464 12 152 262 305 342 359 427 
15 teacher: 
363 364 365 366 367 368 369 370 371 373 374 375 376 377 378 

Council 25:
15 project: 
367 128 323 335 350 1 144 187 324 120 164 194 325 95 151 
26 teacher: 
379 380 381 382 383 384 385 386 387 388 389 390 391 392 393 416 490 491 492 493 494 495 496 497 498 499 



Answer is: 191153774811
Solve in 3.622s.