e and f are:
232369 90463

Council 1
39 project: 
5 56 826 14 626 36 58 654 839 211 625 772 827 9 99 138 261 556 88 130 288 25 37 57 79 106 189 198 232 241 329 457 483 631 717 731 755 851 874 
21 teacher: 
979 221 489 672 694 973 61 80 104 176 236 253 276 279 318 372 399 524 618 670 798 

Council 2
21 project: 
985 992 997 998 982 990 987 988 989 980 981 983 991 993 995 999 1000 984 986 994 996 
21 teacher: 
1000 1 2 3 4 5 6 7 8 9 10 11 12 13 14 15 16 17 18 19 21 

Council 3
36 project: 
310 207 183 115 226 315 119 508 765 97 260 194 263 342 362 469 212 347 620 172 262 124 136 337 399 531 533 545 605 637 672 758 780 783 872 920 
21 teacher: 
821 892 898 908 998 20 24 42 98 105 133 150 201 212 227 247 266 269 277 281 285 

Council 4
36 project: 
922 93 727 871 102 335 778 830 967 8 452 468 693 764 96 227 400 639 664 959 444 314 415 419 551 613 622 642 720 760 791 798 825 879 919 971 
21 teacher: 
93 474 857 289 303 326 335 370 413 415 424 449 458 460 498 574 584 590 607 649 733 

Council 5
22 project: 
246 517 114 490 567 725 896 814 859 868 316 355 380 537 548 554 784 807 906 112 122 891 
226 teacher: 
338 84 102 112 329 416 737 755 770 795 813 824 827 835 843 884 885 894 922 944 945 26 27 28 30 31 35 36 38 39 40 43 60 65 66 67 78 99 103 107 110 123 137 142 152 155 163 165 179 180 181 188 189 194 213 215 218 222 224 228 230 233 238 252 259 265 272 273 292 295 304 307 312 315 317 321 334 339 340 348 351 354 355 368 375 382 383 389 390 391 393 401 402 408 409 411 412 419 421 429 437 438 444 451 461 470 475 481 482 484 490 494 495 501 502 508 510 512 515 518 519 531 535 537 539 541 548 555 557 558 562 566 572 573 582 583 585 589 594 595 604 606 609 611 612 614 615 616 619 622 623 625 628 632 642 645 650 656 657 661 674 679 684 685 689 695 700 705 706 707 708 715 718 725 726 731 734 741 742 743 748 749 752 759 762 763 766 768 769 782 785 786 788 792 800 803 804 805 807 808 811 814 815 817 819 820 832 834 840 844 845 848 849 851 856 863 866 867 872 874 876 887 889 890 891 897 

Council 6
32 project: 
133 239 365 820 11 33 356 828 43 53 105 159 251 306 338 447 500 559 750 927 960 383 527 558 621 700 762 840 878 893 965 974 
21 teacher: 
836 341 427 485 499 563 629 673 776 917 961 968 980 29 47 52 54 59 62 69 70 

Council 7
40 project: 
860 68 937 47 65 939 221 266 439 816 46 52 61 178 274 291 325 351 384 478 653 64 66 69 73 104 121 182 195 282 300 303 417 475 480 487 493 520 651 803 
21 teacher: 
134 138 371 500 875 46 71 72 73 85 87 91 96 97 113 114 119 124 126 132 149 

Council 8
28 project: 
225 666 228 284 336 711 943 62 179 188 326 564 297 585 774 12 50 86 162 163 395 379 512 568 659 933 945 979 
21 teacher: 
151 243 282 302 397 433 442 633 744 985 82 136 157 168 174 182 183 184 185 193 196 

Council 9
31 project: 
536 566 704 10 19 876 348 823 248 317 582 584 594 600 900 84 103 113 181 250 373 422 431 485 699 732 795 822 824 865 914 
21 teacher: 
191 240 325 344 379 403 521 570 791 895 938 48 56 127 171 198 206 207 210 211 220 

Council 10
38 project: 
75 150 918 853 76 318 916 16 92 95 298 541 883 887 55 59 543 624 674 117 160 100 140 149 270 292 450 467 504 561 563 573 578 593 598 660 737 771 
21 teacher: 
225 353 450 507 722 723 732 773 796 861 924 34 51 76 94 145 237 248 262 267 268 

Council 11
34 project: 
233 278 466 579 976 180 196 208 589 603 328 397 472 502 547 553 862 921 525 676 915 30 32 177 184 202 253 369 389 489 518 683 882 907 
21 teacher: 
330 466 660 916 41 77 141 159 178 245 263 271 283 301 308 316 322 324 327 333 337 

Council 12
35 project: 
697 268 430 451 962 48 155 255 408 738 811 867 6 281 320 421 524 761 850 39 238 173 203 254 269 346 361 394 429 471 491 540 599 745 908 
21 teacher: 
551 463 626 666 789 793 92 197 199 313 346 347 356 357 358 359 360 364 366 374 380 

Council 13
33 project: 
285 458 506 804 812 332 649 206 234 333 728 742 20 101 185 192 236 244 247 391 427 63 156 213 220 243 245 275 287 327 805 834 942 
21 teacher: 
365 439 504 553 677 931 131 367 385 388 394 405 410 417 420 423 428 436 440 443 446 

Council 14
35 project: 
899 481 494 544 574 677 818 877 94 723 856 78 118 229 658 785 870 286 569 703 29 175 402 435 441 503 555 571 587 647 669 769 773 787 875 
21 teacher: 
532 559 652 669 687 696 747 907 997 63 146 147 164 173 223 226 258 447 452 455 459 

Council 15
30 project: 
777 889 627 49 171 339 359 378 513 694 779 881 930 81 157 368 501 586 845 209 224 609 730 817 858 901 947 952 953 957 
21 teacher: 
947 964 235 239 486 525 664 667 802 75 115 135 323 349 404 465 468 472 480 487 491 

Council 16
29 project: 
955 319 77 499 861 205 252 367 446 535 570 796 821 7 170 393 414 443 509 129 695 141 142 187 219 538 702 932 936 
21 teacher: 
663 109 464 513 636 655 676 690 724 781 825 852 853 879 900 977 45 95 129 216 384 

Council 17
26 project: 
744 977 423 792 802 852 968 74 321 345 477 729 757 940 956 41 70 428 681 154 265 801 806 913 926 948 
21 teacher: 
378 503 601 638 702 736 771 90 190 493 506 511 516 517 522 527 528 530 542 544 545 

Council 18
26 project: 
542 950 28 127 304 706 844 925 941 197 199 403 411 456 616 884 176 230 396 420 618 634 652 688 799 842 
21 teacher: 
288 567 635 692 701 709 957 44 49 177 274 280 305 373 376 476 549 552 571 577 580 

Council 19
28 project: 
819 646 701 809 267 460 749 23 51 308 515 552 557 596 685 766 903 126 322 398 438 38 256 313 406 636 815 905 
21 teacher: 
125 261 432 564 602 647 721 775 818 83 100 108 242 249 255 294 441 454 457 533 546 

Council 20
30 project: 
682 709 235 528 630 741 217 961 271 565 583 604 718 978 330 358 372 376 562 611 689 323 374 516 546 597 614 615 788 847 
21 teacher: 
935 648 688 740 758 767 871 986 993 86 106 118 246 284 293 310 483 505 509 523 529 

Council 21
33 project: 
511 776 969 350 455 714 743 756 895 249 781 2 45 71 116 128 148 201 279 293 522 34 85 143 193 240 302 425 436 526 655 690 917 
21 teacher: 
162 627 779 801 862 905 946 55 89 241 256 369 407 496 497 534 538 576 587 593 603 

Council 22
26 project: 
886 259 581 721 949 305 424 464 497 521 698 139 311 580 736 929 931 958 108 577 26 152 371 382 686 810 
21 teacher: 
186 400 631 651 739 754 806 899 906 926 930 978 234 296 298 386 543 560 605 608 613 

Council 23
24 project: 
479 849 866 24 60 89 588 708 854 934 474 484 679 793 54 242 665 786 944 18 83 746 775 902 
21 teacher: 
381 610 640 641 760 774 784 833 837 841 942 970 981 79 116 122 128 158 290 392 398 

Council 24
22 project: 
641 705 324 98 120 168 190 432 434 722 789 110 135 158 165 210 312 602 923 166 413 692 
21 teacher: 
810 823 665 893 932 948 996 153 167 169 170 314 343 377 396 406 414 418 426 453 456 

Council 25
36 project: 
17 80 453 550 963 301 357 715 44 237 385 482 638 661 673 954 40 498 873 951 164 222 418 440 462 549 590 671 713 724 734 739 747 748 831 838 
31 teacher: 
918 462 596 620 621 653 671 719 729 777 830 881 903 933 949 962 53 81 121 139 172 120 254 477 812 880 886 920 941 958 974 

Council 26
21 project: 
296 486 897 90 572 610 754 770 144 161 341 670 752 759 125 445 790 841 975 401 409 
21 teacher: 
710 728 854 952 58 387 646 668 678 683 714 735 790 850 923 925 929 57 111 187 203 

Council 27
23 project: 
334 82 633 691 719 200 364 505 532 560 687 696 938 946 191 280 352 678 684 72 145 619 863 
21 teacher: 
703 140 287 319 332 395 550 554 693 745 746 858 888 901 956 987 995 32 117 160 202 

Council 28
23 project: 
966 912 307 442 465 663 832 880 885 353 257 258 461 667 735 751 800 888 4 42 107 131 463 
21 teacher: 
680 794 101 251 331 362 569 588 639 675 713 730 738 756 839 883 965 33 37 68 148 

Council 29
22 project: 
534 426 309 523 648 273 668 855 492 495 109 290 294 782 27 91 111 214 277 416 628 973 
21 teacher: 
547 624 540 630 691 753 816 826 842 860 921 934 966 967 22 23 154 204 208 209 232 

Council 30
22 project: 
218 857 387 662 733 835 216 381 404 829 299 340 344 454 657 716 808 843 215 331 405 123 
21 teacher: 
250 352 971 50 64 156 264 270 430 478 556 581 617 654 662 765 831 865 896 910 914 

Council 31
22 project: 
640 763 904 924 21 35 147 169 231 606 607 608 680 710 753 146 473 539 576 726 794 869 
21 teacher: 
286 514 855 25 88 231 309 361 363 473 579 591 592 637 697 720 797 859 873 950 969 

Council 32
23 project: 
928 846 910 360 386 496 514 601 656 909 151 643 848 898 137 272 276 388 448 530 833 407 433 
71 teacher: 
431 787 217 328 422 471 561 568 575 597 704 711 712 716 761 778 877 936 939 959 963 74 144 161 195 200 244 300 311 320 336 342 435 467 469 488 536 578 598 643 698 764 783 822 902 909 911 912 913 915 919 927 928 937 940 943 951 953 955 960 972 975 976 982 983 984 989 990 991 992 994 

Council 33
22 project: 
186 167 712 864 740 1 174 363 370 519 591 797 836 837 13 295 390 510 894 935 22 911 
21 teacher: 
954 988 999 143 257 260 278 291 297 345 425 434 445 448 492 520 600 644 658 681 751 

Council 34
22 project: 
153 890 67 392 892 132 366 529 595 650 768 223 289 437 449 575 612 31 204 377 592 964 
21 teacher: 
829 878 904 130 166 175 205 214 219 275 479 586 717 750 757 772 799 809 828 838 864 

Council 35
30 project: 
970 3 15 343 813 283 623 635 972 264 459 629 675 134 354 375 412 507 617 87 476 349 410 470 488 632 644 645 707 767 
21 teacher: 
229 306 780 847 192 299 350 526 565 599 634 659 682 686 699 727 846 868 869 870 882 



Answer is: 20526819339
Solve in 17.951s.